[1m============================= test session starts ==============================[0m
platform darwin -- Python 3.10.19, pytest-9.0.2, pluggy-1.6.0 -- /Users/bard/miniconda3/envs/myenv/bin/python3.10
cachedir: .pytest_cache
rootdir: /Users/bard/Documents/RAG
configfile: pytest.ini
plugins: playwright-0.7.2, anyio-4.11.0, jaxtyping-0.3.4, base-url-2.1.0, hydra-core-1.3.2, cov-7.0.0
[1mcollecting ... [0mcollected 1 item

amprenta_rag/tests/e2e/test_target_qsar_page.py::test_target_qsar_page_loads[chromium] [32mPASSED[0m[32m [100%][0m

[32m============================== [32m[1m1 passed[0m[32m in 10.23s[0m[32m ==============================[0m
